<?xml version="1.0" encoding="UTF-8"?>
<!-- Generated by org.testng.reporters.JUnitXMLReporter -->
<testsuite hostname="DESKTOP-LQ2VHAM" name="Default test" tests="4" failures="0" timestamp="25 Apr 2019 18:01:15 GMT" time="0.039" errors="0">
  <testcase name="div" time="0.016" classname="com.qa.tests.DemoTest"/>
  <testcase name="multiplication" time="0.001" classname="com.qa.tests.DemoTest"/>
  <testcase name="sub" time="0.001" classname="com.qa.tests.DemoTest"/>
  <testcase name="sum" time="0.001" classname="com.qa.tests.DemoTest"/>
</testsuite> <!-- Default test -->
