<?xml version="1.0" encoding="UTF-8"?>
<!-- Generated by org.testng.reporters.JUnitXMLReporter -->
<testsuite hostname="DESKTOP-LQ2VHAM" name="Command line test" tests="4" failures="0" timestamp="29 Apr 2019 20:32:34 GMT" time="0.038" errors="0">
  <testcase name="div" time="0.015" classname="com.qa.tests.DemoTest"/>
  <testcase name="multiplication" time="0.002" classname="com.qa.tests.DemoTest"/>
  <testcase name="sub" time="0.001" classname="com.qa.tests.DemoTest"/>
  <testcase name="sum" time="0.001" classname="com.qa.tests.DemoTest"/>
</testsuite> <!-- Command line test -->
