<?xml version="1.0" encoding="UTF-8"?>
<testng-results skipped="0" failed="0" total="4" passed="4">
  <reporter-output>
  </reporter-output>
  <suite name="com.qa.tests.DemoTest" duration-ms="38" started-at="2019-04-29T20:32:34Z" finished-at="2019-04-29T20:32:34Z">
    <groups>
    </groups>
    <test name="Command line test" duration-ms="38" started-at="2019-04-29T20:32:34Z" finished-at="2019-04-29T20:32:34Z">
      <class name="com.qa.tests.DemoTest">
        <test-method status="PASS" signature="div()[pri:0, instance:com.qa.tests.DemoTest@19bb089b]" name="div" duration-ms="15" started-at="2019-04-29T15:32:34Z" finished-at="2019-04-29T15:32:34Z">
          <reporter-output>
          </reporter-output>
        </test-method> <!-- div -->
        <test-method status="PASS" signature="multiplication()[pri:0, instance:com.qa.tests.DemoTest@19bb089b]" name="multiplication" duration-ms="2" started-at="2019-04-29T15:32:34Z" finished-at="2019-04-29T15:32:34Z">
          <reporter-output>
          </reporter-output>
        </test-method> <!-- multiplication -->
        <test-method status="PASS" signature="sub()[pri:0, instance:com.qa.tests.DemoTest@19bb089b]" name="sub" duration-ms="1" started-at="2019-04-29T15:32:34Z" finished-at="2019-04-29T15:32:34Z">
          <reporter-output>
          </reporter-output>
        </test-method> <!-- sub -->
        <test-method status="PASS" signature="sum()[pri:0, instance:com.qa.tests.DemoTest@19bb089b]" name="sum" duration-ms="1" started-at="2019-04-29T15:32:34Z" finished-at="2019-04-29T15:32:34Z">
          <reporter-output>
          </reporter-output>
        </test-method> <!-- sum -->
      </class> <!-- com.qa.tests.DemoTest -->
    </test> <!-- Command line test -->
  </suite> <!-- com.qa.tests.DemoTest -->
</testng-results>
